[debug] [2025-07-21T13:48:34.436Z] ----------------------------------------------------------------------
[debug] [2025-07-21T13:48:34.438Z] Command:       C:\Program Files\nodejs\node.exe C:\Users\Dan\AppData\Roaming\npm\node_modules\firebase-tools\lib\bin\firebase.js deploy
[debug] [2025-07-21T13:48:34.438Z] CLI Version:   13.29.3
[debug] [2025-07-21T13:48:34.438Z] Platform:      win32
[debug] [2025-07-21T13:48:34.438Z] Node Version:  v20.6.1
[debug] [2025-07-21T13:48:34.438Z] Time:          Mon Jul 21 2025 13:48:34 GMT+0000 (Greenwich Mean Time)
[debug] [2025-07-21T13:48:34.439Z] ----------------------------------------------------------------------
[debug] 
[debug] [2025-07-21T13:48:34.596Z] Object "" in "firebase.json" has unknown property: {"additionalProperty":"frameworks"}
[debug] [2025-07-21T13:48:34.600Z] > command requires scopes: ["email","openid","https://www.googleapis.com/auth/cloudplatformprojects.readonly","https://www.googleapis.com/auth/firebase","https://www.googleapis.com/auth/cloud-platform"]
[debug] [2025-07-21T13:48:34.601Z] > authorizing via signed-in user (deekayexq@gmail.com)
[debug] [2025-07-21T13:48:34.601Z] [iam] checking project amplify-ghana for permissions ["firebase.projects.get","firebasehosting.sites.update"]
[debug] [2025-07-21T13:48:34.602Z] Checked if tokens are valid: false, expires at: 1753105891567
[debug] [2025-07-21T13:48:34.602Z] Checked if tokens are valid: false, expires at: 1753105891567
[debug] [2025-07-21T13:48:34.602Z] > refreshing access token with scopes: []
[debug] [2025-07-21T13:48:34.603Z] >>> [apiv2][query] POST https://www.googleapis.com/oauth2/v3/token [none]
[debug] [2025-07-21T13:48:34.603Z] >>> [apiv2][body] POST https://www.googleapis.com/oauth2/v3/token [omitted]
[debug] [2025-07-21T13:48:39.850Z] <<< [apiv2][status] POST https://www.googleapis.com/oauth2/v3/token 200
[debug] [2025-07-21T13:48:39.850Z] <<< [apiv2][body] POST https://www.googleapis.com/oauth2/v3/token [omitted]
[debug] [2025-07-21T13:48:39.858Z] >>> [apiv2][query] POST https://cloudresourcemanager.googleapis.com/v1/projects/amplify-ghana:testIamPermissions [none]
[debug] [2025-07-21T13:48:39.858Z] >>> [apiv2][(partial)header] POST https://cloudresourcemanager.googleapis.com/v1/projects/amplify-ghana:testIamPermissions x-goog-quota-user=projects/amplify-ghana
[debug] [2025-07-21T13:48:39.858Z] >>> [apiv2][body] POST https://cloudresourcemanager.googleapis.com/v1/projects/amplify-ghana:testIamPermissions {"permissions":["firebase.projects.get","firebasehosting.sites.update"]}
[debug] [2025-07-21T13:48:40.968Z] <<< [apiv2][status] POST https://cloudresourcemanager.googleapis.com/v1/projects/amplify-ghana:testIamPermissions 200
[debug] [2025-07-21T13:48:40.968Z] <<< [apiv2][body] POST https://cloudresourcemanager.googleapis.com/v1/projects/amplify-ghana:testIamPermissions {"permissions":["firebase.projects.get","firebasehosting.sites.update"]}
[debug] [2025-07-21T13:48:40.968Z] Checked if tokens are valid: true, expires at: 1753109318850
[debug] [2025-07-21T13:48:40.968Z] Checked if tokens are valid: true, expires at: 1753109318850
[debug] [2025-07-21T13:48:40.968Z] >>> [apiv2][query] GET https://firebase.googleapis.com/v1beta1/projects/amplify-ghana [none]
[debug] [2025-07-21T13:48:41.731Z] <<< [apiv2][status] GET https://firebase.googleapis.com/v1beta1/projects/amplify-ghana 200
[debug] [2025-07-21T13:48:41.731Z] <<< [apiv2][body] GET https://firebase.googleapis.com/v1beta1/projects/amplify-ghana {"projectId":"amplify-ghana","projectNumber":"278790838056","displayName":"Amplify-Ghana","name":"projects/amplify-ghana","resources":{"hostingSite":"amplify-ghana","locationId":"europe-west6"},"state":"ACTIVE","etag":"1_3d8dcd6e-2509-4f8c-930a-b7688a352170"}
[debug] [2025-07-21T13:48:45.645Z] Checked if tokens are valid: true, expires at: 1753109318850
[debug] [2025-07-21T13:48:45.645Z] Checked if tokens are valid: true, expires at: 1753109318850
[debug] [2025-07-21T13:48:45.646Z] >>> [apiv2][query] GET https://firebasehosting.googleapis.com/v1beta1/projects/amplify-ghana/sites pageToken=&pageSize=10
[debug] [2025-07-21T13:48:46.980Z] <<< [apiv2][status] GET https://firebasehosting.googleapis.com/v1beta1/projects/amplify-ghana/sites 200
[debug] [2025-07-21T13:48:46.980Z] <<< [apiv2][body] GET https://firebasehosting.googleapis.com/v1beta1/projects/amplify-ghana/sites {"sites":[{"name":"projects/amplify-ghana/sites/amplify-ghana","defaultUrl":"https://amplify-ghana.web.app","appId":"1:278790838056:web:d12687053f59e33ecc621d","type":"DEFAULT_SITE"}]}
[debug] [2025-07-21T13:48:46.981Z] Checked if tokens are valid: true, expires at: 1753109318850
[debug] [2025-07-21T13:48:46.981Z] Checked if tokens are valid: true, expires at: 1753109318850
[debug] [2025-07-21T13:48:46.981Z] >>> [apiv2][query] GET https://firebase.googleapis.com/v1beta1/projects/-/webApps/1:278790838056:web:d12687053f59e33ecc621d/config [none]
[debug] [2025-07-21T13:48:48.008Z] <<< [apiv2][status] GET https://firebase.googleapis.com/v1beta1/projects/-/webApps/1:278790838056:web:d12687053f59e33ecc621d/config 200
[debug] [2025-07-21T13:48:48.009Z] <<< [apiv2][body] GET https://firebase.googleapis.com/v1beta1/projects/-/webApps/1:278790838056:web:d12687053f59e33ecc621d/config {"projectId":"amplify-ghana","appId":"1:278790838056:web:d12687053f59e33ecc621d","storageBucket":"amplify-ghana.appspot.com","locationId":"europe-west6","apiKey":"AIzaSyBDLPgELwiKWxGj9ajDEJ2liiMsl2aL3F0","authDomain":"amplify-ghana.firebaseapp.com","messagingSenderId":"278790838056"}
[info] 
   Thank you for trying our early preview of Next.js support on Firebase Hosting.
   During the preview, support is best-effort and breaking changes can be expected. Proceed with caution.

   Documentation: https://firebase.google.com/docs/hosting/frameworks/nextjs
   File a bug: https://github.com/firebase/firebase-tools/issues/new?template=bug_report.md
   Submit a feature request: https://github.com/firebase/firebase-tools/issues/new?template=feature_request.md

   We'd love to learn from you. Express your interest in helping us shape the future of Firebase Hosting: https://goo.gle/41enW5X

[debug] [2025-07-21T13:48:56.251Z] Checked if tokens are valid: true, expires at: 1753109318850
[debug] [2025-07-21T13:48:56.251Z] Checked if tokens are valid: true, expires at: 1753109318850
[debug] [2025-07-21T13:48:56.251Z] >>> [apiv2][query] GET https://firebasehosting.googleapis.com/v1beta1/projects/amplify-ghana/sites/amplify-ghana [none]
[debug] [2025-07-21T13:48:57.276Z] <<< [apiv2][status] GET https://firebasehosting.googleapis.com/v1beta1/projects/amplify-ghana/sites/amplify-ghana 200
[debug] [2025-07-21T13:48:57.276Z] <<< [apiv2][body] GET https://firebasehosting.googleapis.com/v1beta1/projects/amplify-ghana/sites/amplify-ghana {"name":"projects/amplify-ghana/sites/amplify-ghana","defaultUrl":"https://amplify-ghana.web.app","appId":"1:278790838056:web:d12687053f59e33ecc621d","type":"DEFAULT_SITE"}
[info]   ▲ Next.js 14.2.23

[info]   - Environments: .env


